<?xml version="1.0" encoding="utf-8"?><testsuites><testsuite name="pytest" errors="0" failures="0" skipped="0" tests="3" time="1.791" timestamp="2024-09-18T20:03:23.426178" hostname="agusb-Inspiron-5584"><testcase classname="examples_rclpy_executors.executors.test.test_copyright" name="test_copyright" time="1.151" /><testcase classname="examples_rclpy_executors.executors.test.test_flake8" name="test_flake8" time="0.388" /><testcase classname="examples_rclpy_executors.executors.test.test_pep257" name="test_pep257" time="0.103" /></testsuite></testsuites>