[0.011s] Invoking command in '/home/agusb/Desktop/ROS2-Teleoperacion-Wifi/terrenator_ws/build/robot_control': CMAKE_PREFIX_PATH=${CMAKE_PREFIX_PATH}:/opt/ros/jazzy /usr/bin/cmake --build /home/agusb/Desktop/ROS2-Teleoperacion-Wifi/terrenator_ws/build/robot_control -- -j8 -l8
[0.045s] -- Found ament_cmake: 2.5.2 (/opt/ros/jazzy/share/ament_cmake/cmake)
[0.192s] -- Found rclcpp: 28.1.3 (/opt/ros/jazzy/share/rclcpp/cmake)
[0.225s] -- Found rosidl_generator_c: 4.6.3 (/opt/ros/jazzy/share/rosidl_generator_c/cmake)
[0.234s] -- Found rosidl_generator_cpp: 4.6.3 (/opt/ros/jazzy/share/rosidl_generator_cpp/cmake)
[0.251s] -- Using all available rosidl_typesupport_c: rosidl_typesupport_fastrtps_c;rosidl_typesupport_introspection_c
[0.265s] -- Using all available rosidl_typesupport_cpp: rosidl_typesupport_fastrtps_cpp;rosidl_typesupport_introspection_cpp
[0.334s] -- Found rmw_implementation_cmake: 7.3.1 (/opt/ros/jazzy/share/rmw_implementation_cmake/cmake)
[0.335s] -- Found rmw_fastrtps_cpp: 8.4.1 (/opt/ros/jazzy/share/rmw_fastrtps_cpp/cmake)
[0.402s] -- Using RMW implementation 'rmw_fastrtps_cpp' as default
[0.471s] -- Found sensor_msgs: 5.3.5 (/opt/ros/jazzy/share/sensor_msgs/cmake)
[0.540s] -- Found rosidl_default_generators: 1.6.0 (/opt/ros/jazzy/share/rosidl_default_generators/cmake)
[0.549s] -- Found rosidl_adapter: 4.6.3 (/opt/ros/jazzy/share/rosidl_adapter/cmake)
[0.553s] -- Found Boost: /usr/lib/x86_64-linux-gnu/cmake/Boost-1.83.0/BoostConfig.cmake (found version "1.83.0")  
[0.554s] -- Boost include directories: /usr/include
[0.873s] -- Found ament_cmake_ros: 0.12.0 (/opt/ros/jazzy/share/ament_cmake_ros/cmake)
[1.034s] -- Using all available rosidl_typesupport_c: rosidl_typesupport_fastrtps_c;rosidl_typesupport_introspection_c
[1.091s] -- Using all available rosidl_typesupport_cpp: rosidl_typesupport_fastrtps_cpp;rosidl_typesupport_introspection_cpp
[1.093s] -- Found python_cmake_module: 0.11.1 (/opt/ros/jazzy/share/python_cmake_module/cmake)
[1.408s] -- Found Python3: /usr/bin/python3 (found version "3.12.3") found components: Interpreter Development NumPy Development.Module Development.Embed 
[1.427s] -- Configuring done (1.4s)
[1.478s] -- Generating done (0.0s)
[1.483s] -- Build files have been written to: /home/agusb/Desktop/ROS2-Teleoperacion-Wifi/terrenator_ws/build/robot_control
[1.525s] [  2%] Built target robot_control__rosidl_generator_type_description
[1.535s] [  2%] Built target ament_cmake_python_copy_robot_control
[1.545s] [  8%] Built target robot_control__cpp
[1.545s] [  8%] [32mBuilding CXX object CMakeFiles/robot_uart_controller.dir/src/robot_uart_controller.cpp.o[0m
[1.547s] [ 22%] Built target robot_control__rosidl_generator_c
[1.584s] [ 30%] Built target robot_control__rosidl_typesupport_cpp
[1.585s] [ 38%] Built target robot_control__rosidl_typesupport_c
[1.588s] [ 47%] Built target robot_control__rosidl_typesupport_fastrtps_cpp
[1.589s] [ 72%] Built target robot_control__rosidl_typesupport_fastrtps_c
[1.589s] [ 72%] Built target robot_control__rosidl_typesupport_introspection_cpp
[1.589s] [ 72%] Built target robot_control__rosidl_typesupport_introspection_c
[1.615s] [ 72%] Built target robot_control
[1.634s] [ 75%] Built target robot_control__py
[1.656s] [ 80%] Built target robot_control__rosidl_generator_py
[1.681s] [ 86%] Built target robot_control_s__rosidl_typesupport_fastrtps_c
[1.684s] [ 91%] Built target robot_control_s__rosidl_typesupport_c
[1.685s] [ 97%] Built target robot_control_s__rosidl_typesupport_introspection_c
[1.852s] running egg_info
[1.876s] writing robot_control.egg-info/PKG-INFO
[1.876s] writing dependency_links to robot_control.egg-info/dependency_links.txt
[1.876s] writing top-level names to robot_control.egg-info/top_level.txt
[1.950s] reading manifest file 'robot_control.egg-info/SOURCES.txt'
[1.951s] writing manifest file 'robot_control.egg-info/SOURCES.txt'
[2.015s] [ 97%] Built target ament_cmake_python_build_robot_control_egg
[6.026s] [01m[K/home/agusb/Desktop/ROS2-Teleoperacion-Wifi/terrenator_ws/src/robot_control/src/robot_uart_controller.cpp:[m[K In function â€˜[01m[Kvoid[01;32m[K generarRampaVelocidad[m[K(Vel_espacial*, Vel_espacial*, std::vector<float>&, std::vector<float>&, std::vector<float>&)[m[Kâ€™:
[6.026s] [01m[K/home/agusb/Desktop/ROS2-Teleoperacion-Wifi/terrenator_ws/src/robot_control/src/robot_uart_controller.cpp:55:42:[m[K [01;35m[Kwarning: [m[Kunused parameter â€˜[01m[Kvel_inicial[m[Kâ€™ [[01;35m[K]8;;https://gcc.gnu.org/onlinedocs/gcc/Warning-Options.html#index-Wunused-parameter-Wunused-parameter]8;;[m[K]
[6.026s]    55 | void generarRampaVelocidad([01;35m[KVel_espacial* vel_inicial[m[K, Vel_espacial* vel_final,
[6.026s]       |                            [01;35m[K~~~~~~~~~~~~~~^~~~~~~~~~~[m[K
[6.027s] [01m[K/home/agusb/Desktop/ROS2-Teleoperacion-Wifi/terrenator_ws/src/robot_control/src/robot_uart_controller.cpp:[m[K In function â€˜[01m[Kvoid[01;32m[K joy_callback[m[K(sensor_msgs::msg::Joy_<std::allocator<void> >::SharedPtr)[m[Kâ€™:
[6.027s] [01m[K/home/agusb/Desktop/ROS2-Teleoperacion-Wifi/terrenator_ws/src/robot_control/src/robot_uart_controller.cpp:149:5:[m[K [01;31m[Kerror: [m[Kâ€˜[01m[Krobot_control[m[Kâ€™ has not been declared
[6.027s]   149 |     [01;31m[Krobot_control[m[K::TramaDatos msgInfo;
[6.028s]       |     [01;31m[K^~~~~~~~~~~~~[m[K
[6.033s] [01m[K/home/agusb/Desktop/ROS2-Teleoperacion-Wifi/terrenator_ws/src/robot_control/src/robot_uart_controller.cpp:150:5:[m[K [01;31m[Kerror: [m[Kâ€˜[01m[KmsgInfo[m[Kâ€™ was not declared in this scope
[6.033s]   150 |     [01;31m[KmsgInfo[m[K.v_bat = msg->buttons[0];
[6.033s]       |     [01;31m[K^~~~~~~[m[K
[6.053s] [01m[K/home/agusb/Desktop/ROS2-Teleoperacion-Wifi/terrenator_ws/src/robot_control/src/robot_uart_controller.cpp:152:5:[m[K [01;31m[Kerror: [m[Kâ€˜[01m[Krobot_info_publisher[m[Kâ€™ was not declared in this scope; did you mean â€˜[01m[Krmw_get_gid_for_publisher[m[Kâ€™?
[6.053s]   152 |     [01;31m[Krobot_info_publisher[m[K->publish(trama_msg);
[6.053s]       |     [01;31m[K^~~~~~~~~~~~~~~~~~~~[m[K
[6.053s]       |     [32m[Krmw_get_gid_for_publisher[m[K
[6.060s] [01m[K/home/agusb/Desktop/ROS2-Teleoperacion-Wifi/terrenator_ws/src/robot_control/src/robot_uart_controller.cpp:152:35:[m[K [01;31m[Kerror: [m[Kâ€˜[01m[Ktrama_msg[m[Kâ€™ was not declared in this scope
[6.060s]   152 |     robot_info_publisher->publish([01;31m[Ktrama_msg[m[K);
[6.060s]       |                                   [01;31m[K^~~~~~~~~[m[K
[6.102s] [01m[K/home/agusb/Desktop/ROS2-Teleoperacion-Wifi/terrenator_ws/src/robot_control/src/robot_uart_controller.cpp:[m[K In function â€˜[01m[Kint[01;32m[K main[m[K(int, char**)[m[Kâ€™:
[6.102s] [01m[K/home/agusb/Desktop/ROS2-Teleoperacion-Wifi/terrenator_ws/src/robot_control/src/robot_uart_controller.cpp:169:56:[m[K [01;31m[Kerror: [m[Kâ€˜[01m[Krobot_control[m[Kâ€™ was not declared in this scope
[6.102s]   169 |     auto robot_info_publisher = node->create_publisher<[01;31m[Krobot_control[m[K::msg::TramaDatos>(
[6.102s]       |                                                        [01;31m[K^~~~~~~~~~~~~[m[K
[6.102s] [01m[K/home/agusb/Desktop/ROS2-Teleoperacion-Wifi/terrenator_ws/src/robot_control/src/robot_uart_controller.cpp:169:39:[m[K [01;31m[Kerror: [m[Kparse error in template argument list
[6.102s]   169 |     auto robot_info_publisher = node->[01;31m[Kcreate_publisher<robot_control::msg::TramaDatos>[m[K(
[6.102s]       |                                       [01;31m[K^~~~~~~~~~~~~~~~~~~~~~~~~~~~~~~~~~~~~~~~~~~~~~~~[m[K
[6.102s] [01m[K/home/agusb/Desktop/ROS2-Teleoperacion-Wifi/terrenator_ws/src/robot_control/src/robot_uart_controller.cpp:169:87:[m[K [01;31m[Kerror: [m[Kno matching function for call to â€˜[01m[Krclcpp::Node::create_publisher<<expression error> >(const char [11], int)[m[Kâ€™
[6.102s]   169 |     auto robot_info_publisher = [01;31m[Knode->create_publisher<robot_control::msg::TramaDatos>([m[K
[6.103s]       |                                 [01;31m[K~~~~~~~~~~~~~~~~~~~~~~~~~~~~~~~~~~~~~~~~~~~~~~~~~~~~~~^[m[K
[6.103s]   170 | [01;31m[K                            "robot_info", 10)[m[K;
[6.103s]       |                             [01;31m[K~~~~~~~~~~~~~~~~~[m[K                                          
[6.103s] In file included from [01m[K/opt/ros/jazzy/include/rclcpp/rclcpp/executors/single_threaded_executor.hpp:28[m[K,
[6.103s]                  from [01m[K/opt/ros/jazzy/include/rclcpp/rclcpp/executors.hpp:22[m[K,
[6.103s]                  from [01m[K/opt/ros/jazzy/include/rclcpp/rclcpp/rclcpp.hpp:172[m[K,
[6.103s]                  from [01m[K/home/agusb/Desktop/ROS2-Teleoperacion-Wifi/terrenator_ws/src/robot_control/src/robot_uart_controller.cpp:2[m[K:
[6.103s] [01m[K/opt/ros/jazzy/include/rclcpp/rclcpp/node.hpp:197:3:[m[K [01;36m[Knote: [m[Kcandidate: â€˜[01m[Ktemplate<class MessageT, class AllocatorT, class PublisherT> std::shared_ptr<PublisherT> rclcpp::Node::[01;32m[Kcreate_publisher[m[K(const std::string&, const rclcpp::QoS&, const rclcpp::PublisherOptionsWithAllocator<AllocatorT>&)[m[Kâ€™
[6.103s]   197 |   [01;36m[Kcreate_publisher[m[K(
[6.103s]       |   [01;36m[K^~~~~~~~~~~~~~~~[m[K
[6.103s] [01m[K/opt/ros/jazzy/include/rclcpp/rclcpp/node.hpp:197:3:[m[K [01;36m[Knote: [m[K  template argument deduction/substitution failed:
[6.103s] [01m[K/home/agusb/Desktop/ROS2-Teleoperacion-Wifi/terrenator_ws/src/robot_control/src/robot_uart_controller.cpp:169:87:[m[K [01;31m[Kerror: [m[Ktemplate argument 1 is invalid
[6.103s]   169 |     auto robot_info_publisher = [01;31m[Knode->create_publisher<robot_control::msg::TramaDatos>([m[K
[6.103s]       |                                 [01;31m[K~~~~~~~~~~~~~~~~~~~~~~~~~~~~~~~~~~~~~~~~~~~~~~~~~~~~~~^[m[K
[6.103s]   170 | [01;31m[K                            "robot_info", 10)[m[K;
[6.103s]       |                             [01;31m[K~~~~~~~~~~~~~~~~~[m[K                                          
[9.698s] gmake[2]: *** [CMakeFiles/robot_uart_controller.dir/build.make:76: CMakeFiles/robot_uart_controller.dir/src/robot_uart_controller.cpp.o] Error 1
[9.698s] gmake[1]: *** [CMakeFiles/Makefile2:623: CMakeFiles/robot_uart_controller.dir/all] Error 2
[9.699s] gmake: *** [Makefile:146: all] Error 2
[9.701s] Invoked command in '/home/agusb/Desktop/ROS2-Teleoperacion-Wifi/terrenator_ws/build/robot_control' returned '2': CMAKE_PREFIX_PATH=${CMAKE_PREFIX_PATH}:/opt/ros/jazzy /usr/bin/cmake --build /home/agusb/Desktop/ROS2-Teleoperacion-Wifi/terrenator_ws/build/robot_control -- -j8 -l8
