[0.011s] Invoking command in '/home/agusb/Desktop/ROS2-Teleoperacion-Wifi/terrenator_ws/build/robot_control': CMAKE_PREFIX_PATH=${CMAKE_PREFIX_PATH}:/opt/ros/jazzy /usr/bin/cmake --build /home/agusb/Desktop/ROS2-Teleoperacion-Wifi/terrenator_ws/build/robot_control -- -j8 -l8
[0.088s] [  2%] Built target robot_control__rosidl_generator_type_description
[0.112s] [  2%] Built target ament_cmake_python_copy_robot_control
[0.133s] [  5%] [32mBuilding CXX object CMakeFiles/robot_uart_controller.dir/src/robot_uart_controller.cpp.o[0m
[0.141s] [  8%] Built target robot_control__cpp
[0.146s] [ 22%] Built target robot_control__rosidl_generator_c
[0.219s] [ 30%] Built target robot_control__rosidl_typesupport_introspection_c
[0.220s] [ 38%] Built target robot_control__rosidl_typesupport_c
[0.220s] [ 47%] Built target robot_control__rosidl_typesupport_fastrtps_c
[0.225s] [ 55%] Built target robot_control__rosidl_typesupport_fastrtps_cpp
[0.239s] [ 63%] Built target robot_control__rosidl_typesupport_cpp
[0.240s] [ 72%] Built target robot_control__rosidl_typesupport_introspection_cpp
[0.284s] [ 72%] Built target robot_control
[0.325s] [ 75%] Built target robot_control__py
[0.367s] [ 80%] Built target robot_control__rosidl_generator_py
[0.410s] [ 86%] Built target robot_control_s__rosidl_typesupport_introspection_c
[0.414s] [ 94%] Built target robot_control_s__rosidl_typesupport_fastrtps_c
[0.414s] [ 97%] Built target robot_control_s__rosidl_typesupport_c
[0.618s] running egg_info
[0.632s] [01m[K/home/agusb/Desktop/ROS2-Teleoperacion-Wifi/terrenator_ws/src/robot_control/src/robot_uart_controller.cpp:5:10:[m[K [01;31m[Kfatal error: [m[Krobot_control/msg/trama_datos.hpp: No such file or directory
[0.632s]     5 | #include [01;31m[K"robot_control/msg/trama_datos.hpp"[m[K
[0.633s]       |          [01;31m[K^~~~~~~~~~~~~~~~~~~~~~~~~~~~~~~~~~~[m[K
[0.633s] compilation terminated.
[0.645s] gmake[2]: *** [CMakeFiles/robot_uart_controller.dir/build.make:76: CMakeFiles/robot_uart_controller.dir/src/robot_uart_controller.cpp.o] Error 1
[0.645s] gmake[1]: *** [CMakeFiles/Makefile2:623: CMakeFiles/robot_uart_controller.dir/all] Error 2
[0.645s] gmake[1]: *** Waiting for unfinished jobs....
[0.648s] writing robot_control.egg-info/PKG-INFO
[0.648s] writing dependency_links to robot_control.egg-info/dependency_links.txt
[0.648s] writing top-level names to robot_control.egg-info/top_level.txt
[0.725s] reading manifest file 'robot_control.egg-info/SOURCES.txt'
[0.727s] writing manifest file 'robot_control.egg-info/SOURCES.txt'
[0.812s] [ 97%] Built target ament_cmake_python_build_robot_control_egg
[0.815s] gmake: *** [Makefile:146: all] Error 2
[0.818s] Invoked command in '/home/agusb/Desktop/ROS2-Teleoperacion-Wifi/terrenator_ws/build/robot_control' returned '2': CMAKE_PREFIX_PATH=${CMAKE_PREFIX_PATH}:/opt/ros/jazzy /usr/bin/cmake --build /home/agusb/Desktop/ROS2-Teleoperacion-Wifi/terrenator_ws/build/robot_control -- -j8 -l8
