[0.016s] Invoking command in '/home/agusb/Desktop/ROS2-Teleoperacion-Wifi/terrenator_ws/build/robot_control': CMAKE_PREFIX_PATH=${CMAKE_PREFIX_PATH}:/opt/ros/jazzy /usr/bin/cmake --build /home/agusb/Desktop/ROS2-Teleoperacion-Wifi/terrenator_ws/build/robot_control -- -j8 -l8
[0.133s] [  2%] Built target robot_control__rosidl_generator_type_description
[0.159s] [  2%] Built target ament_cmake_python_copy_robot_control
[0.184s] [  5%] [32mBuilding CXX object CMakeFiles/robot_uart_controller.dir/src/robot_uart_controller.cpp.o[0m
[0.187s] [  8%] Built target robot_control__cpp
[0.190s] [ 22%] Built target robot_control__rosidl_generator_c
[0.265s] [ 30%] Built target robot_control__rosidl_typesupport_fastrtps_c
[0.299s] [ 47%] Built target robot_control__rosidl_typesupport_introspection_cpp
[0.299s] [ 47%] Built target robot_control__rosidl_typesupport_c
[0.300s] [ 55%] Built target robot_control__rosidl_typesupport_cpp
[0.301s] [ 66%] Built target robot_control__rosidl_typesupport_introspection_c
[0.301s] [ 72%] Built target robot_control__rosidl_typesupport_fastrtps_cpp
[0.353s] [ 72%] Built target robot_control
[0.411s] [ 75%] Built target robot_control__py
[0.489s] [ 80%] Built target robot_control__rosidl_generator_py
[0.580s] [ 83%] [32mBuilding C object CMakeFiles/robot_control_s__rosidl_typesupport_c.dir/rosidl_generator_py/robot_control/_robot_control_s.ep.rosidl_typesupport_c.c.o[0m
[0.596s] [ 86%] [32mBuilding C object CMakeFiles/robot_control_s__rosidl_typesupport_fastrtps_c.dir/rosidl_generator_py/robot_control/_robot_control_s.ep.rosidl_typesupport_fastrtps_c.c.o[0m
[0.608s] [ 88%] [32mBuilding C object CMakeFiles/robot_control_s__rosidl_typesupport_introspection_c.dir/rosidl_generator_py/robot_control/_robot_control_s.ep.rosidl_typesupport_introspection_c.c.o[0m
[0.860s] running egg_info
[0.882s] [ 91%] [32m[1mLinking C shared module rosidl_generator_py/robot_control/robot_control_s__rosidl_typesupport_c.so[0m
[0.895s] [ 94%] [32m[1mLinking C shared module rosidl_generator_py/robot_control/robot_control_s__rosidl_typesupport_introspection_c.so[0m
[0.918s] [ 97%] [32m[1mLinking C shared module rosidl_generator_py/robot_control/robot_control_s__rosidl_typesupport_fastrtps_c.so[0m
[0.938s] writing robot_control.egg-info/PKG-INFO
[0.943s] writing dependency_links to robot_control.egg-info/dependency_links.txt
[0.949s] writing top-level names to robot_control.egg-info/top_level.txt
[0.979s] [ 97%] Built target robot_control_s__rosidl_typesupport_c
[0.994s] [ 97%] Built target robot_control_s__rosidl_typesupport_introspection_c
[1.019s] [ 97%] Built target robot_control_s__rosidl_typesupport_fastrtps_c
[1.104s] reading manifest file 'robot_control.egg-info/SOURCES.txt'
[1.105s] writing manifest file 'robot_control.egg-info/SOURCES.txt'
[1.190s] [ 97%] Built target ament_cmake_python_build_robot_control_egg
[6.401s] [01m[K/home/agusb/Desktop/ROS2-Teleoperacion-Wifi/terrenator_ws/src/robot_control/src/robot_uart_controller.cpp:[m[K In function â€˜[01m[Kvoid[01;32m[K generarRampaVelocidad[m[K(Vel_espacial*, Vel_espacial*, std::vector<float>&, std::vector<float>&, std::vector<float>&)[m[Kâ€™:
[6.401s] [01m[K/home/agusb/Desktop/ROS2-Teleoperacion-Wifi/terrenator_ws/src/robot_control/src/robot_uart_controller.cpp:55:42:[m[K [01;35m[Kwarning: [m[Kunused parameter â€˜[01m[Kvel_inicial[m[Kâ€™ [[01;35m[K]8;;https://gcc.gnu.org/onlinedocs/gcc/Warning-Options.html#index-Wunused-parameter-Wunused-parameter]8;;[m[K]
[6.401s]    55 | void generarRampaVelocidad([01;35m[KVel_espacial* vel_inicial[m[K, Vel_espacial* vel_final,
[6.401s]       |                            [01;35m[K~~~~~~~~~~~~~~^~~~~~~~~~~[m[K
[6.403s] [01m[K/home/agusb/Desktop/ROS2-Teleoperacion-Wifi/terrenator_ws/src/robot_control/src/robot_uart_controller.cpp:[m[K In function â€˜[01m[Kvoid[01;32m[K joy_callback[m[K(sensor_msgs::msg::Joy_<std::allocator<void> >::SharedPtr)[m[Kâ€™:
[6.403s] [01m[K/home/agusb/Desktop/ROS2-Teleoperacion-Wifi/terrenator_ws/src/robot_control/src/robot_uart_controller.cpp:149:5:[m[K [01;31m[Kerror: [m[Kâ€˜[01m[Krobot_control[m[Kâ€™ has not been declared
[6.403s]   149 |     [01;31m[Krobot_control[m[K::TramaDatos msgInfo;
[6.403s]       |     [01;31m[K^~~~~~~~~~~~~[m[K
[6.410s] [01m[K/home/agusb/Desktop/ROS2-Teleoperacion-Wifi/terrenator_ws/src/robot_control/src/robot_uart_controller.cpp:150:5:[m[K [01;31m[Kerror: [m[Kâ€˜[01m[KmsgInfo[m[Kâ€™ was not declared in this scope
[6.410s]   150 |     [01;31m[KmsgInfo[m[K.v_bat = msg->buttons[0];
[6.410s]       |     [01;31m[K^~~~~~~[m[K
[6.437s] [01m[K/home/agusb/Desktop/ROS2-Teleoperacion-Wifi/terrenator_ws/src/robot_control/src/robot_uart_controller.cpp:152:5:[m[K [01;31m[Kerror: [m[Kâ€˜[01m[Krobot_info_publisher[m[Kâ€™ was not declared in this scope; did you mean â€˜[01m[Krmw_get_gid_for_publisher[m[Kâ€™?
[6.437s]   152 |     [01;31m[Krobot_info_publisher[m[K->publish(trama_msg);
[6.437s]       |     [01;31m[K^~~~~~~~~~~~~~~~~~~~[m[K
[6.437s]       |     [32m[Krmw_get_gid_for_publisher[m[K
[6.448s] [01m[K/home/agusb/Desktop/ROS2-Teleoperacion-Wifi/terrenator_ws/src/robot_control/src/robot_uart_controller.cpp:152:35:[m[K [01;31m[Kerror: [m[Kâ€˜[01m[Ktrama_msg[m[Kâ€™ was not declared in this scope
[6.448s]   152 |     robot_info_publisher->publish([01;31m[Ktrama_msg[m[K);
[6.448s]       |                                   [01;31m[K^~~~~~~~~[m[K
[6.517s] [01m[K/home/agusb/Desktop/ROS2-Teleoperacion-Wifi/terrenator_ws/src/robot_control/src/robot_uart_controller.cpp:[m[K In function â€˜[01m[Kint[01;32m[K main[m[K(int, char**)[m[Kâ€™:
[6.518s] [01m[K/home/agusb/Desktop/ROS2-Teleoperacion-Wifi/terrenator_ws/src/robot_control/src/robot_uart_controller.cpp:169:56:[m[K [01;31m[Kerror: [m[Kâ€˜[01m[Krobot_control[m[Kâ€™ was not declared in this scope
[6.518s]   169 |     auto robot_info_publisher = node->create_publisher<[01;31m[Krobot_control[m[K::msg::TramaDatos>(
[6.518s]       |                                                        [01;31m[K^~~~~~~~~~~~~[m[K
[6.520s] [01m[K/home/agusb/Desktop/ROS2-Teleoperacion-Wifi/terrenator_ws/src/robot_control/src/robot_uart_controller.cpp:169:39:[m[K [01;31m[Kerror: [m[Kparse error in template argument list
[6.520s]   169 |     auto robot_info_publisher = node->[01;31m[Kcreate_publisher<robot_control::msg::TramaDatos>[m[K(
[6.520s]       |                                       [01;31m[K^~~~~~~~~~~~~~~~~~~~~~~~~~~~~~~~~~~~~~~~~~~~~~~~[m[K
[6.520s] [01m[K/home/agusb/Desktop/ROS2-Teleoperacion-Wifi/terrenator_ws/src/robot_control/src/robot_uart_controller.cpp:169:87:[m[K [01;31m[Kerror: [m[Kno matching function for call to â€˜[01m[Krclcpp::Node::create_publisher<<expression error> >(const char [11], int)[m[Kâ€™
[6.520s]   169 |     auto robot_info_publisher = [01;31m[Knode->create_publisher<robot_control::msg::TramaDatos>([m[K
[6.520s]       |                                 [01;31m[K~~~~~~~~~~~~~~~~~~~~~~~~~~~~~~~~~~~~~~~~~~~~~~~~~~~~~~^[m[K
[6.520s]   170 | [01;31m[K                            "robot_info", 10)[m[K;
[6.521s]       |                             [01;31m[K~~~~~~~~~~~~~~~~~[m[K                                          
[6.521s] In file included from [01m[K/opt/ros/jazzy/include/rclcpp/rclcpp/executors/single_threaded_executor.hpp:28[m[K,
[6.521s]                  from [01m[K/opt/ros/jazzy/include/rclcpp/rclcpp/executors.hpp:22[m[K,
[6.521s]                  from [01m[K/opt/ros/jazzy/include/rclcpp/rclcpp/rclcpp.hpp:172[m[K,
[6.521s]                  from [01m[K/home/agusb/Desktop/ROS2-Teleoperacion-Wifi/terrenator_ws/src/robot_control/src/robot_uart_controller.cpp:2[m[K:
[6.521s] [01m[K/opt/ros/jazzy/include/rclcpp/rclcpp/node.hpp:197:3:[m[K [01;36m[Knote: [m[Kcandidate: â€˜[01m[Ktemplate<class MessageT, class AllocatorT, class PublisherT> std::shared_ptr<PublisherT> rclcpp::Node::[01;32m[Kcreate_publisher[m[K(const std::string&, const rclcpp::QoS&, const rclcpp::PublisherOptionsWithAllocator<AllocatorT>&)[m[Kâ€™
[6.521s]   197 |   [01;36m[Kcreate_publisher[m[K(
[6.521s]       |   [01;36m[K^~~~~~~~~~~~~~~~[m[K
[6.521s] [01m[K/opt/ros/jazzy/include/rclcpp/rclcpp/node.hpp:197:3:[m[K [01;36m[Knote: [m[K  template argument deduction/substitution failed:
[6.521s] [01m[K/home/agusb/Desktop/ROS2-Teleoperacion-Wifi/terrenator_ws/src/robot_control/src/robot_uart_controller.cpp:169:87:[m[K [01;31m[Kerror: [m[Ktemplate argument 1 is invalid
[6.521s]   169 |     auto robot_info_publisher = [01;31m[Knode->create_publisher<robot_control::msg::TramaDatos>([m[K
[6.522s]       |                                 [01;31m[K~~~~~~~~~~~~~~~~~~~~~~~~~~~~~~~~~~~~~~~~~~~~~~~~~~~~~~^[m[K
[6.522s]   170 | [01;31m[K                            "robot_info", 10)[m[K;
[6.522s]       |                             [01;31m[K~~~~~~~~~~~~~~~~~[m[K                                          
[10.477s] gmake[2]: *** [CMakeFiles/robot_uart_controller.dir/build.make:76: CMakeFiles/robot_uart_controller.dir/src/robot_uart_controller.cpp.o] Error 1
[10.477s] gmake[1]: *** [CMakeFiles/Makefile2:183: CMakeFiles/robot_uart_controller.dir/all] Error 2
[10.477s] gmake: *** [Makefile:146: all] Error 2
[10.480s] Invoked command in '/home/agusb/Desktop/ROS2-Teleoperacion-Wifi/terrenator_ws/build/robot_control' returned '2': CMAKE_PREFIX_PATH=${CMAKE_PREFIX_PATH}:/opt/ros/jazzy /usr/bin/cmake --build /home/agusb/Desktop/ROS2-Teleoperacion-Wifi/terrenator_ws/build/robot_control -- -j8 -l8
